1.6768 	WARNING 	We strongly recommend you activate the PTB sound engine in PsychoPy prefs as the preferred audio engine. Its timing is vastly superior. Your prefs are currently set to use ['sounddevice', 'PTB', 'pyo', 'pygame'] (in that order).
5.1084 	EXP 	Created window1 = Window(allowGUI=False, allowStencil=False, autoLog=True, backendConf=UNKNOWN, bitsMode=UNKNOWN, blendMode='avg', bpc=(8, 8, 8), color=array([0, 0, 0]), colorSpace='rgb', depthBits=8, fullscr=<method-wrapper '__getattribute__' of attributeSetter object at 0x0000023E5DD4D4E0>, gamma=None, gammaErrorPolicy='raise', lms=UNKNOWN, monitor=<psychopy.monitors.calibTools.Monitor object at 0x0000023E5DF72240>, multiSample=False, name='window1', numSamples=2, pos=[0.0, 0.0], screen=0, size=array([1920, 1080]), stencilBits=0, stereo=False, units='height', useFBO=True, useRetina=False, viewOri=0.0, viewPos=None, viewScale=None, waitBlanking=True, winType='pyglet')
5.1087 	EXP 	window1: mouseVisible = True
5.1088 	EXP 	window1: recordFrameIntervals = False
5.2743 	EXP 	window1: recordFrameIntervals = True
5.4583 	EXP 	window1: recordFrameIntervals = False
5.7916 	EXP 	Created text_9 = TextStim(__class__=<class 'psychopy.visual.text.TextStim'>, alignHoriz=method-wrapper(...), alignText='center', alignVert=method-wrapper(...), anchorHoriz='center', anchorVert='center', antialias=True, autoLog=True, bold=False, color=array([1, 1, 1]), colorSpace='rgb', contrast=1.0, depth=0.0, flipHoriz=False, flipVert=False, font='Arial', fontFiles=[], height=0.1, italic=False, languageStyle='LTR', name='text_9', opacity=1, ori=0, pos=array([0., 0.]), rgb=UNKNOWN, text=str(...), units='height', win=Window(...), wrapWidth=1)
5.8053 	EXP 	Created text_5 = TextStim(__class__=<class 'psychopy.visual.text.TextStim'>, alignHoriz=method-wrapper(...), alignText='center', alignVert=method-wrapper(...), anchorHoriz='center', anchorVert='center', antialias=True, autoLog=True, bold=False, color=array([1, 1, 1]), colorSpace='rgb', contrast=1.0, depth=0.0, flipHoriz=False, flipVert=False, font='Arial', fontFiles=[], height=0.1, italic=False, languageStyle='LTR', name='text_5', opacity=1, ori=0, pos=array([0., 0.]), rgb=UNKNOWN, text='Countdown will begin', units='height', win=Window(...), wrapWidth=1)
5.8329 	EXP 	Sound sound_3 set volume 1.000
5.8375 	EXP 	Created text_6 = TextStim(__class__=<class 'psychopy.visual.text.TextStim'>, alignHoriz=method-wrapper(...), alignText='center', alignVert=method-wrapper(...), anchorHoriz='center', anchorVert='center', antialias=True, autoLog=True, bold=False, color=array([1, 1, 1]), colorSpace='rgb', contrast=1.0, depth=-2.0, flipHoriz=False, flipVert=False, font='Arial', fontFiles=[], height=0.1, italic=False, languageStyle='LTR', name='text_6', opacity=1, ori=0, pos=array([0., 0.]), rgb=UNKNOWN, text='One', units='height', win=Window(...), wrapWidth=1)
5.8398 	EXP 	Created text_7 = TextStim(__class__=<class 'psychopy.visual.text.TextStim'>, alignHoriz=method-wrapper(...), alignText='center', alignVert=method-wrapper(...), anchorHoriz='center', anchorVert='center', antialias=True, autoLog=True, bold=False, color=array([1, 1, 1]), colorSpace='rgb', contrast=1.0, depth=-3.0, flipHoriz=False, flipVert=False, font='Arial', fontFiles=[], height=0.1, italic=False, languageStyle='LTR', name='text_7', opacity=1, ori=0, pos=array([0., 0.]), rgb=UNKNOWN, text='Two', units='height', win=Window(...), wrapWidth=1)
5.8428 	EXP 	Created text_8 = TextStim(__class__=<class 'psychopy.visual.text.TextStim'>, alignHoriz=method-wrapper(...), alignText='center', alignVert=method-wrapper(...), anchorHoriz='center', anchorVert='center', antialias=True, autoLog=True, bold=False, color=array([1, 1, 1]), colorSpace='rgb', contrast=1.0, depth=-4.0, flipHoriz=False, flipVert=False, font='Arial', fontFiles=[], height=0.1, italic=False, languageStyle='LTR', name='text_8', opacity=1, ori=0, pos=array([0., 0.]), rgb=UNKNOWN, text='Three', units='height', win=Window(...), wrapWidth=1)
5.9783 	EXP 	Created Baseline_text = TextStim(__class__=<class 'psychopy.visual.text.TextStim'>, alignHoriz=method-wrapper(...), alignText='center', alignVert=method-wrapper(...), anchorHoriz='center', anchorVert='center', antialias=True, autoLog=True, bold=False, color=array([1, 1, 1]), colorSpace='rgb', contrast=1.0, depth=0.0, flipHoriz=False, flipVert=False, font='Open Sans', fontFiles=[], height=0.1, italic=False, languageStyle='LTR', name='Baseline_text', opacity=1, ori=0.0, pos=array([0., 0.]), rgb=UNKNOWN, text=str(...), units='height', win=Window(...), wrapWidth=1)
5.9790 	EXP 	Created text_10 = TextStim(__class__=<class 'psychopy.visual.text.TextStim'>, alignHoriz=method-wrapper(...), alignText='center', alignVert=method-wrapper(...), anchorHoriz='center', anchorVert='center', antialias=True, autoLog=True, bold=False, color=array([1, 1, 1]), colorSpace='rgb', contrast=1.0, depth=-1.0, flipHoriz=False, flipVert=False, font='Open Sans', fontFiles=[], height=0.1, italic=False, languageStyle='LTR', name='text_10', opacity=1, ori=0.0, pos=array([0., 0.]), rgb=UNKNOWN, text='', units='height', win=Window(...), wrapWidth=1)
5.9794 	EXP 	Created text = TextStim(__class__=<class 'psychopy.visual.text.TextStim'>, alignHoriz=method-wrapper(...), alignText='center', alignVert=method-wrapper(...), anchorHoriz='center', anchorVert='center', antialias=True, autoLog=True, bold=False, color=array([1, 1, 1]), colorSpace='rgb', contrast=1.0, depth=0.0, flipHoriz=False, flipVert=False, font='Arial', fontFiles=[], height=0.1, italic=False, languageStyle='LTR', name='text', opacity=1, ori=0, pos=array([0., 0.]), rgb=UNKNOWN, text='', units='height', win=Window(...), wrapWidth=1)
5.9795 	EXP 	Sound sound_1 set volume 1.000
5.9800 	EXP 	Created text_4 = TextStim(__class__=<class 'psychopy.visual.text.TextStim'>, alignHoriz=method-wrapper(...), alignText='center', alignVert=method-wrapper(...), anchorHoriz='center', anchorVert='center', antialias=True, autoLog=True, bold=False, color=array([1, 1, 1]), colorSpace='rgb', contrast=1.0, depth=-2.0, flipHoriz=False, flipVert=False, font='Arial', fontFiles=[], height=0.1, italic=False, languageStyle='LTR', name='text_4', opacity=1, ori=0, pos=array([0., 0.]), rgb=UNKNOWN, text='', units='height', win=Window(...), wrapWidth=1)
5.9805 	EXP 	Created text_2 = TextStim(__class__=<class 'psychopy.visual.text.TextStim'>, alignHoriz=method-wrapper(...), alignText='center', alignVert=method-wrapper(...), anchorHoriz='center', anchorVert='center', antialias=True, autoLog=True, bold=False, color=array([1, 1, 1]), colorSpace='rgb', contrast=1.0, depth=0.0, flipHoriz=False, flipVert=False, font='Arial', fontFiles=[], height=0.1, italic=False, languageStyle='LTR', name='text_2', opacity=1, ori=0, pos=array([0., 0.]), rgb=UNKNOWN, text='', units='height', win=Window(...), wrapWidth=1)
5.9810 	EXP 	Sound sound_2 set volume 1.000
5.9816 	EXP 	Created text_3 = TextStim(__class__=<class 'psychopy.visual.text.TextStim'>, alignHoriz=method-wrapper(...), alignText='center', alignVert=method-wrapper(...), anchorHoriz='center', anchorVert='center', antialias=True, autoLog=True, bold=False, color=array([1, 1, 1]), colorSpace='rgb', contrast=1.0, depth=-2.0, flipHoriz=False, flipVert=False, font='Arial', fontFiles=[], height=0.1, italic=False, languageStyle='LTR', name='text_3', opacity=1, ori=0, pos=array([0., 0.]), rgb=UNKNOWN, text='', units='height', win=Window(...), wrapWidth=1)
6.0099 	EXP 	text_9: autoDraw = True
6.8824 	DATA 	Keypress: space
6.8906 	EXP 	text_9: autoDraw = False
6.8906 	EXP 	text_5: autoDraw = True
8.8908 	EXP 	text_5: autoDraw = False
9.8740 	EXP 	text_6: autoDraw = True
10.8738 	EXP 	text_6: autoDraw = False
10.8738 	EXP 	text_7: autoDraw = True
11.8741 	EXP 	text_7: autoDraw = False
11.8741 	EXP 	text_8: autoDraw = True
12.8738 	EXP 	text_8: autoDraw = False
13.0240 	EXP 	text_5: autoDraw = False
13.0240 	EXP 	text_6: autoDraw = False
13.0240 	EXP 	text_7: autoDraw = False
13.0240 	EXP 	text_8: autoDraw = False
13.0240 	EXP 	Baseline_text: autoDraw = True
15.0072 	EXP 	text_10: autoDraw = True
15.0236 	EXP 	Baseline_text: autoDraw = False
35.0137 	EXP 	Imported Psychopy_TrialTypes.xlsx as conditions, 1 conditions, 7 params
35.0140 	EXP 	Created sequence: sequential, trialTypes=1, nReps=10, seed=None
35.0143 	EXP 	New trial (rep=0, index=0): {'condition': 'right', 'textstim': 'right', 'textdur': 1, 'sound': 'Audio\\\\right.wav', 'recoverydur': 1, 'stopsound': 'Audio\\\\Stop.wav', 'marker': 1}
35.0240 	EXP 	text_10: autoDraw = False
35.0240 	EXP 	Baseline_text: autoDraw = False
35.0240 	EXP 	text_10: autoDraw = False
35.0240 	EXP 	text: text = 'right'
35.0240 	EXP 	text: autoDraw = True
35.0240 	EXP 	text_4: autoDraw = True
36.0392 	EXP 	text: autoDraw = False
45.0391 	EXP 	text_4: autoDraw = False
45.0391 	EXP 	text: autoDraw = False
45.0391 	EXP 	text_4: autoDraw = False
45.0391 	EXP 	text_2: text = 'Stop'
45.0391 	EXP 	text_2: autoDraw = True
45.0391 	EXP 	text_3: autoDraw = True
46.0390 	EXP 	text_2: autoDraw = False
60.0247 	EXP 	New trial (rep=1, index=0): {'condition': 'right', 'textstim': 'right', 'textdur': 1, 'sound': 'Audio\\\\right.wav', 'recoverydur': 1, 'stopsound': 'Audio\\\\Stop.wav', 'marker': 1}
60.0383 	EXP 	text_3: autoDraw = False
60.0383 	EXP 	text_2: autoDraw = False
60.0383 	EXP 	text_3: autoDraw = False
60.0383 	EXP 	text: text = 'right'
60.0383 	EXP 	text: autoDraw = True
60.0383 	EXP 	text_4: autoDraw = True
61.0380 	EXP 	text: autoDraw = False
62.4403 	DATA 	Keypress: escape
62.6561 	EXP 	window1: mouseVisible = True
