1.7444 	WARNING 	We strongly recommend you activate the PTB sound engine in PsychoPy prefs as the preferred audio engine. Its timing is vastly superior. Your prefs are currently set to use ['sounddevice', 'PTB', 'pyo', 'pygame'] (in that order).
6.4573 	EXP 	Created window1 = Window(allowGUI=False, allowStencil=False, autoLog=True, backendConf=UNKNOWN, bitsMode=UNKNOWN, blendMode='avg', bpc=(8, 8, 8), color=array([0, 0, 0]), colorSpace='rgb', depthBits=8, fullscr=<method-wrapper '__getattribute__' of attributeSetter object at 0x00000259EC19C5F8>, gamma=None, gammaErrorPolicy='raise', lms=UNKNOWN, monitor=<psychopy.monitors.calibTools.Monitor object at 0x00000259EC3C22B0>, multiSample=False, name='window1', numSamples=2, pos=[0.0, 0.0], screen=0, size=array([1920, 1080]), stencilBits=0, stereo=False, units='height', useFBO=True, useRetina=False, viewOri=0.0, viewPos=None, viewScale=None, waitBlanking=True, winType='pyglet')
6.4576 	EXP 	window1: mouseVisible = True
6.4576 	EXP 	window1: recordFrameIntervals = False
6.6237 	EXP 	window1: recordFrameIntervals = True
6.8076 	EXP 	window1: recordFrameIntervals = False
7.3628 	EXP 	Created text_9 = TextStim(__class__=<class 'psychopy.visual.text.TextStim'>, alignHoriz=method-wrapper(...), alignText='center', alignVert=method-wrapper(...), anchorHoriz='center', anchorVert='center', antialias=True, autoLog=True, bold=False, color=array([1, 1, 1]), colorSpace='rgb', contrast=1.0, depth=0.0, flipHoriz=False, flipVert=False, font='Arial', fontFiles=[], height=0.1, italic=False, languageStyle='LTR', name='text_9', opacity=1, ori=0, pos=array([0., 0.]), rgb=UNKNOWN, text=str(...), units='height', win=Window(...), wrapWidth=1)
7.4135 	EXP 	Created text_5 = TextStim(__class__=<class 'psychopy.visual.text.TextStim'>, alignHoriz=method-wrapper(...), alignText='center', alignVert=method-wrapper(...), anchorHoriz='center', anchorVert='center', antialias=True, autoLog=True, bold=False, color=array([1, 1, 1]), colorSpace='rgb', contrast=1.0, depth=0.0, flipHoriz=False, flipVert=False, font='Arial', fontFiles=[], height=0.1, italic=False, languageStyle='LTR', name='text_5', opacity=1, ori=0, pos=array([0., 0.]), rgb=UNKNOWN, text='Countdown will begin', units='height', win=Window(...), wrapWidth=1)
7.4769 	EXP 	Sound sound_3 set volume 1.000
7.4822 	EXP 	Created text_6 = TextStim(__class__=<class 'psychopy.visual.text.TextStim'>, alignHoriz=method-wrapper(...), alignText='center', alignVert=method-wrapper(...), anchorHoriz='center', anchorVert='center', antialias=True, autoLog=True, bold=False, color=array([1, 1, 1]), colorSpace='rgb', contrast=1.0, depth=-2.0, flipHoriz=False, flipVert=False, font='Arial', fontFiles=[], height=0.1, italic=False, languageStyle='LTR', name='text_6', opacity=1, ori=0, pos=array([0., 0.]), rgb=UNKNOWN, text='One', units='height', win=Window(...), wrapWidth=1)
7.4842 	EXP 	Created text_7 = TextStim(__class__=<class 'psychopy.visual.text.TextStim'>, alignHoriz=method-wrapper(...), alignText='center', alignVert=method-wrapper(...), anchorHoriz='center', anchorVert='center', antialias=True, autoLog=True, bold=False, color=array([1, 1, 1]), colorSpace='rgb', contrast=1.0, depth=-3.0, flipHoriz=False, flipVert=False, font='Arial', fontFiles=[], height=0.1, italic=False, languageStyle='LTR', name='text_7', opacity=1, ori=0, pos=array([0., 0.]), rgb=UNKNOWN, text='Two', units='height', win=Window(...), wrapWidth=1)
7.4875 	EXP 	Created text_8 = TextStim(__class__=<class 'psychopy.visual.text.TextStim'>, alignHoriz=method-wrapper(...), alignText='center', alignVert=method-wrapper(...), anchorHoriz='center', anchorVert='center', antialias=True, autoLog=True, bold=False, color=array([1, 1, 1]), colorSpace='rgb', contrast=1.0, depth=-4.0, flipHoriz=False, flipVert=False, font='Arial', fontFiles=[], height=0.1, italic=False, languageStyle='LTR', name='text_8', opacity=1, ori=0, pos=array([0., 0.]), rgb=UNKNOWN, text='Three', units='height', win=Window(...), wrapWidth=1)
7.6660 	EXP 	window1: mouseVisible = True
1.6378 	WARNING 	We strongly recommend you activate the PTB sound engine in PsychoPy prefs as the preferred audio engine. Its timing is vastly superior. Your prefs are currently set to use ['sounddevice', 'PTB', 'pyo', 'pygame'] (in that order).
5.0324 	EXP 	Created window1 = Window(allowGUI=False, allowStencil=False, autoLog=True, backendConf=UNKNOWN, bitsMode=UNKNOWN, blendMode='avg', bpc=(8, 8, 8), color=array([0, 0, 0]), colorSpace='rgb', depthBits=8, fullscr=<method-wrapper '__getattribute__' of attributeSetter object at 0x000001B9281EA5F8>, gamma=None, gammaErrorPolicy='raise', lms=UNKNOWN, monitor=<psychopy.monitors.calibTools.Monitor object at 0x000001B92841A2B0>, multiSample=False, name='window1', numSamples=2, pos=[0.0, 0.0], screen=0, size=array([1920, 1080]), stencilBits=0, stereo=False, units='height', useFBO=True, useRetina=False, viewOri=0.0, viewPos=None, viewScale=None, waitBlanking=True, winType='pyglet')
5.0327 	EXP 	window1: mouseVisible = True
5.0327 	EXP 	window1: recordFrameIntervals = False
5.1984 	EXP 	window1: recordFrameIntervals = True
5.3830 	EXP 	window1: recordFrameIntervals = False
5.7855 	EXP 	Created text_9 = TextStim(__class__=<class 'psychopy.visual.text.TextStim'>, alignHoriz=method-wrapper(...), alignText='center', alignVert=method-wrapper(...), anchorHoriz='center', anchorVert='center', antialias=True, autoLog=True, bold=False, color=array([1, 1, 1]), colorSpace='rgb', contrast=1.0, depth=0.0, flipHoriz=False, flipVert=False, font='Arial', fontFiles=[], height=0.1, italic=False, languageStyle='LTR', name='text_9', opacity=1, ori=0, pos=array([0., 0.]), rgb=UNKNOWN, text=str(...), units='height', win=Window(...), wrapWidth=1)
5.7998 	EXP 	Created text_5 = TextStim(__class__=<class 'psychopy.visual.text.TextStim'>, alignHoriz=method-wrapper(...), alignText='center', alignVert=method-wrapper(...), anchorHoriz='center', anchorVert='center', antialias=True, autoLog=True, bold=False, color=array([1, 1, 1]), colorSpace='rgb', contrast=1.0, depth=0.0, flipHoriz=False, flipVert=False, font='Arial', fontFiles=[], height=0.1, italic=False, languageStyle='LTR', name='text_5', opacity=1, ori=0, pos=array([0., 0.]), rgb=UNKNOWN, text='Countdown will begin', units='height', win=Window(...), wrapWidth=1)
5.8283 	EXP 	Sound sound_3 set volume 1.000
5.8354 	EXP 	Created text_6 = TextStim(__class__=<class 'psychopy.visual.text.TextStim'>, alignHoriz=method-wrapper(...), alignText='center', alignVert=method-wrapper(...), anchorHoriz='center', anchorVert='center', antialias=True, autoLog=True, bold=False, color=array([1, 1, 1]), colorSpace='rgb', contrast=1.0, depth=-2.0, flipHoriz=False, flipVert=False, font='Arial', fontFiles=[], height=0.1, italic=False, languageStyle='LTR', name='text_6', opacity=1, ori=0, pos=array([0., 0.]), rgb=UNKNOWN, text='One', units='height', win=Window(...), wrapWidth=1)
5.8378 	EXP 	Created text_7 = TextStim(__class__=<class 'psychopy.visual.text.TextStim'>, alignHoriz=method-wrapper(...), alignText='center', alignVert=method-wrapper(...), anchorHoriz='center', anchorVert='center', antialias=True, autoLog=True, bold=False, color=array([1, 1, 1]), colorSpace='rgb', contrast=1.0, depth=-3.0, flipHoriz=False, flipVert=False, font='Arial', fontFiles=[], height=0.1, italic=False, languageStyle='LTR', name='text_7', opacity=1, ori=0, pos=array([0., 0.]), rgb=UNKNOWN, text='Two', units='height', win=Window(...), wrapWidth=1)
5.8409 	EXP 	Created text_8 = TextStim(__class__=<class 'psychopy.visual.text.TextStim'>, alignHoriz=method-wrapper(...), alignText='center', alignVert=method-wrapper(...), anchorHoriz='center', anchorVert='center', antialias=True, autoLog=True, bold=False, color=array([1, 1, 1]), colorSpace='rgb', contrast=1.0, depth=-4.0, flipHoriz=False, flipVert=False, font='Arial', fontFiles=[], height=0.1, italic=False, languageStyle='LTR', name='text_8', opacity=1, ori=0, pos=array([0., 0.]), rgb=UNKNOWN, text='Three', units='height', win=Window(...), wrapWidth=1)
6.0152 	EXP 	Created Baseline_text = TextStim(__class__=<class 'psychopy.visual.text.TextStim'>, alignHoriz=method-wrapper(...), alignText='center', alignVert=method-wrapper(...), anchorHoriz='center', anchorVert='center', antialias=True, autoLog=True, bold=False, color=array([1, 1, 1]), colorSpace='rgb', contrast=1.0, depth=0.0, flipHoriz=False, flipVert=False, font='Open Sans', fontFiles=[], height=0.1, italic=False, languageStyle='LTR', name='Baseline_text', opacity=1, ori=0.0, pos=array([0., 0.]), rgb=UNKNOWN, text=str(...), units='height', win=Window(...), wrapWidth=1)
6.0159 	EXP 	Created text_10 = TextStim(__class__=<class 'psychopy.visual.text.TextStim'>, alignHoriz=method-wrapper(...), alignText='center', alignVert=method-wrapper(...), anchorHoriz='center', anchorVert='center', antialias=True, autoLog=True, bold=False, color=array([1, 1, 1]), colorSpace='rgb', contrast=1.0, depth=-1.0, flipHoriz=False, flipVert=False, font='Open Sans', fontFiles=[], height=0.1, italic=False, languageStyle='LTR', name='text_10', opacity=1, ori=0.0, pos=array([0., 0.]), rgb=UNKNOWN, text='', units='height', win=Window(...), wrapWidth=1)
6.0165 	EXP 	Created text = TextStim(__class__=<class 'psychopy.visual.text.TextStim'>, alignHoriz=method-wrapper(...), alignText='center', alignVert=method-wrapper(...), anchorHoriz='center', anchorVert='center', antialias=True, autoLog=True, bold=False, color=array([1, 1, 1]), colorSpace='rgb', contrast=1.0, depth=0.0, flipHoriz=False, flipVert=False, font='Arial', fontFiles=[], height=0.1, italic=False, languageStyle='LTR', name='text', opacity=1, ori=0, pos=array([0., 0.]), rgb=UNKNOWN, text='', units='height', win=Window(...), wrapWidth=1)
6.0166 	EXP 	Sound sound_1 set volume 1.000
6.0172 	EXP 	Created text_4 = TextStim(__class__=<class 'psychopy.visual.text.TextStim'>, alignHoriz=method-wrapper(...), alignText='center', alignVert=method-wrapper(...), anchorHoriz='center', anchorVert='center', antialias=True, autoLog=True, bold=False, color=array([1, 1, 1]), colorSpace='rgb', contrast=1.0, depth=-2.0, flipHoriz=False, flipVert=False, font='Arial', fontFiles=[], height=0.1, italic=False, languageStyle='LTR', name='text_4', opacity=1, ori=0, pos=array([0., 0.]), rgb=UNKNOWN, text='', units='height', win=Window(...), wrapWidth=1)
6.0176 	EXP 	Created text_2 = TextStim(__class__=<class 'psychopy.visual.text.TextStim'>, alignHoriz=method-wrapper(...), alignText='center', alignVert=method-wrapper(...), anchorHoriz='center', anchorVert='center', antialias=True, autoLog=True, bold=False, color=array([1, 1, 1]), colorSpace='rgb', contrast=1.0, depth=0.0, flipHoriz=False, flipVert=False, font='Arial', fontFiles=[], height=0.1, italic=False, languageStyle='LTR', name='text_2', opacity=1, ori=0, pos=array([0., 0.]), rgb=UNKNOWN, text='', units='height', win=Window(...), wrapWidth=1)
6.0230 	EXP 	Sound sound_2 set volume 1.000
6.0237 	EXP 	Created text_3 = TextStim(__class__=<class 'psychopy.visual.text.TextStim'>, alignHoriz=method-wrapper(...), alignText='center', alignVert=method-wrapper(...), anchorHoriz='center', anchorVert='center', antialias=True, autoLog=True, bold=False, color=array([1, 1, 1]), colorSpace='rgb', contrast=1.0, depth=-2.0, flipHoriz=False, flipVert=False, font='Arial', fontFiles=[], height=0.1, italic=False, languageStyle='LTR', name='text_3', opacity=1, ori=0, pos=array([0., 0.]), rgb=UNKNOWN, text='', units='height', win=Window(...), wrapWidth=1)
6.1068 	EXP 	text_9: autoDraw = True
18.2036 	DATA 	Keypress: space
18.2313 	EXP 	text_9: autoDraw = False
18.2313 	EXP 	text_5: autoDraw = True
20.2312 	EXP 	text_5: autoDraw = False
21.2142 	EXP 	text_6: autoDraw = True
22.2145 	EXP 	text_6: autoDraw = False
22.2145 	EXP 	text_7: autoDraw = True
23.2143 	EXP 	text_7: autoDraw = False
23.2143 	EXP 	text_8: autoDraw = True
24.2143 	EXP 	text_8: autoDraw = False
24.3477 	EXP 	text_5: autoDraw = False
24.3477 	EXP 	text_6: autoDraw = False
24.3477 	EXP 	text_7: autoDraw = False
24.3477 	EXP 	text_8: autoDraw = False
24.3477 	EXP 	Baseline_text: autoDraw = True
26.3307 	EXP 	text_10: autoDraw = True
26.3476 	EXP 	Baseline_text: autoDraw = False
46.3201 	EXP 	Imported Psychopy_TrialTypes.xlsx as conditions, 1 conditions, 7 params
46.3209 	EXP 	Created sequence: sequential, trialTypes=1, nReps=10, seed=None
46.3213 	EXP 	New trial (rep=0, index=0): {'condition': 'right', 'textstim': 'right', 'textdur': 1, 'sound': 'Audio\\\\right.wav', 'recoverydur': 1, 'stopsound': 'Audio\\\\Stop.wav', 'marker': 1}
46.3379 	EXP 	text_10: autoDraw = False
46.3379 	EXP 	Baseline_text: autoDraw = False
46.3379 	EXP 	text_10: autoDraw = False
46.3379 	EXP 	text: text = 'right'
46.3379 	EXP 	text: autoDraw = True
46.3379 	EXP 	text_4: autoDraw = True
47.3462 	EXP 	text: autoDraw = False
56.3460 	EXP 	text_4: autoDraw = False
56.3460 	EXP 	text: autoDraw = False
56.3460 	EXP 	text_4: autoDraw = False
56.3460 	EXP 	text_2: text = 'Stop'
56.3460 	EXP 	text_2: autoDraw = True
56.3460 	EXP 	text_3: autoDraw = True
57.3461 	EXP 	text_2: autoDraw = False
71.3317 	EXP 	New trial (rep=1, index=0): {'condition': 'right', 'textstim': 'right', 'textdur': 1, 'sound': 'Audio\\\\right.wav', 'recoverydur': 1, 'stopsound': 'Audio\\\\Stop.wav', 'marker': 1}
71.3451 	EXP 	text_3: autoDraw = False
71.3451 	EXP 	text_2: autoDraw = False
71.3451 	EXP 	text_3: autoDraw = False
71.3451 	EXP 	text: text = 'right'
71.3451 	EXP 	text: autoDraw = True
71.3451 	EXP 	text_4: autoDraw = True
72.3451 	EXP 	text: autoDraw = False
81.3448 	EXP 	text_4: autoDraw = False
81.3448 	EXP 	text: autoDraw = False
81.3448 	EXP 	text_4: autoDraw = False
81.3448 	EXP 	text_2: text = 'Stop'
81.3448 	EXP 	text_2: autoDraw = True
81.3448 	EXP 	text_3: autoDraw = True
82.3446 	EXP 	text_2: autoDraw = False
96.3290 	EXP 	New trial (rep=2, index=0): {'condition': 'right', 'textstim': 'right', 'textdur': 1, 'sound': 'Audio\\\\right.wav', 'recoverydur': 1, 'stopsound': 'Audio\\\\Stop.wav', 'marker': 1}
96.3438 	EXP 	text_3: autoDraw = False
96.3438 	EXP 	text_2: autoDraw = False
96.3438 	EXP 	text_3: autoDraw = False
96.3438 	EXP 	text: text = 'right'
96.3438 	EXP 	text: autoDraw = True
96.3438 	EXP 	text_4: autoDraw = True
97.3437 	EXP 	text: autoDraw = False
106.3434 	EXP 	text_4: autoDraw = False
106.3434 	EXP 	text: autoDraw = False
106.3434 	EXP 	text_4: autoDraw = False
106.3434 	EXP 	text_2: text = 'Stop'
106.3434 	EXP 	text_2: autoDraw = True
106.3434 	EXP 	text_3: autoDraw = True
107.3434 	EXP 	text_2: autoDraw = False
121.3290 	EXP 	New trial (rep=3, index=0): {'condition': 'right', 'textstim': 'right', 'textdur': 1, 'sound': 'Audio\\\\right.wav', 'recoverydur': 1, 'stopsound': 'Audio\\\\Stop.wav', 'marker': 1}
121.3426 	EXP 	text_3: autoDraw = False
121.3426 	EXP 	text_2: autoDraw = False
121.3426 	EXP 	text_3: autoDraw = False
121.3426 	EXP 	text: text = 'right'
121.3426 	EXP 	text: autoDraw = True
121.3426 	EXP 	text_4: autoDraw = True
122.3426 	EXP 	text: autoDraw = False
131.3425 	EXP 	text_4: autoDraw = False
131.3425 	EXP 	text: autoDraw = False
131.3425 	EXP 	text_4: autoDraw = False
131.3425 	EXP 	text_2: text = 'Stop'
131.3425 	EXP 	text_2: autoDraw = True
131.3425 	EXP 	text_3: autoDraw = True
132.3422 	EXP 	text_2: autoDraw = False
146.3425 	EXP 	New trial (rep=4, index=0): {'condition': 'right', 'textstim': 'right', 'textdur': 1, 'sound': 'Audio\\\\right.wav', 'recoverydur': 1, 'stopsound': 'Audio\\\\Stop.wav', 'marker': 1}
146.3582 	EXP 	text_2: autoDraw = False
146.3582 	EXP 	text_3: autoDraw = False
146.3582 	EXP 	text: text = 'right'
146.3582 	EXP 	text: autoDraw = True
146.3582 	EXP 	text_4: autoDraw = True
147.3579 	EXP 	text: autoDraw = False
156.3578 	EXP 	text_4: autoDraw = False
156.3578 	EXP 	text: autoDraw = False
156.3578 	EXP 	text_4: autoDraw = False
156.3578 	EXP 	text_2: text = 'Stop'
156.3578 	EXP 	text_2: autoDraw = True
156.3578 	EXP 	text_3: autoDraw = True
157.3578 	EXP 	text_2: autoDraw = False
171.3429 	EXP 	New trial (rep=5, index=0): {'condition': 'right', 'textstim': 'right', 'textdur': 1, 'sound': 'Audio\\\\right.wav', 'recoverydur': 1, 'stopsound': 'Audio\\\\Stop.wav', 'marker': 1}
171.3571 	EXP 	text_3: autoDraw = False
171.3571 	EXP 	text_2: autoDraw = False
171.3571 	EXP 	text_3: autoDraw = False
171.3571 	EXP 	text: text = 'right'
171.3571 	EXP 	text: autoDraw = True
171.3571 	EXP 	text_4: autoDraw = True
172.3569 	EXP 	text: autoDraw = False
181.3563 	EXP 	text_4: autoDraw = False
181.3563 	EXP 	text: autoDraw = False
181.3563 	EXP 	text_4: autoDraw = False
181.3563 	EXP 	text_2: text = 'Stop'
181.3563 	EXP 	text_2: autoDraw = True
181.3563 	EXP 	text_3: autoDraw = True
182.3565 	EXP 	text_2: autoDraw = False
196.3419 	EXP 	New trial (rep=6, index=0): {'condition': 'right', 'textstim': 'right', 'textdur': 1, 'sound': 'Audio\\\\right.wav', 'recoverydur': 1, 'stopsound': 'Audio\\\\Stop.wav', 'marker': 1}
196.3557 	EXP 	text_3: autoDraw = False
196.3557 	EXP 	text_2: autoDraw = False
196.3557 	EXP 	text_3: autoDraw = False
196.3557 	EXP 	text: text = 'right'
196.3557 	EXP 	text: autoDraw = True
196.3557 	EXP 	text_4: autoDraw = True
197.3555 	EXP 	text: autoDraw = False
206.3553 	EXP 	text_4: autoDraw = False
206.3553 	EXP 	text: autoDraw = False
206.3553 	EXP 	text_4: autoDraw = False
206.3553 	EXP 	text_2: text = 'Stop'
206.3553 	EXP 	text_2: autoDraw = True
206.3553 	EXP 	text_3: autoDraw = True
207.3553 	EXP 	text_2: autoDraw = False
221.3398 	EXP 	New trial (rep=7, index=0): {'condition': 'right', 'textstim': 'right', 'textdur': 1, 'sound': 'Audio\\\\right.wav', 'recoverydur': 1, 'stopsound': 'Audio\\\\Stop.wav', 'marker': 1}
221.3544 	EXP 	text_3: autoDraw = False
221.3544 	EXP 	text_2: autoDraw = False
221.3544 	EXP 	text_3: autoDraw = False
221.3544 	EXP 	text: text = 'right'
221.3544 	EXP 	text: autoDraw = True
221.3544 	EXP 	text_4: autoDraw = True
222.3545 	EXP 	text: autoDraw = False
231.3541 	EXP 	text_4: autoDraw = False
231.3541 	EXP 	text: autoDraw = False
231.3541 	EXP 	text_4: autoDraw = False
231.3541 	EXP 	text_2: text = 'Stop'
231.3541 	EXP 	text_2: autoDraw = True
231.3541 	EXP 	text_3: autoDraw = True
232.3541 	EXP 	text_2: autoDraw = False
246.3393 	EXP 	New trial (rep=8, index=0): {'condition': 'right', 'textstim': 'right', 'textdur': 1, 'sound': 'Audio\\\\right.wav', 'recoverydur': 1, 'stopsound': 'Audio\\\\Stop.wav', 'marker': 1}
246.3535 	EXP 	text_3: autoDraw = False
246.3535 	EXP 	text_2: autoDraw = False
246.3535 	EXP 	text_3: autoDraw = False
246.3535 	EXP 	text: text = 'right'
246.3535 	EXP 	text: autoDraw = True
246.3535 	EXP 	text_4: autoDraw = True
247.3531 	EXP 	text: autoDraw = False
256.3527 	EXP 	text_4: autoDraw = False
256.3527 	EXP 	text: autoDraw = False
256.3527 	EXP 	text_4: autoDraw = False
256.3527 	EXP 	text_2: text = 'Stop'
256.3527 	EXP 	text_2: autoDraw = True
256.3527 	EXP 	text_3: autoDraw = True
257.3527 	EXP 	text_2: autoDraw = False
271.3375 	EXP 	New trial (rep=9, index=0): {'condition': 'right', 'textstim': 'right', 'textdur': 1, 'sound': 'Audio\\\\right.wav', 'recoverydur': 1, 'stopsound': 'Audio\\\\Stop.wav', 'marker': 1}
271.3519 	EXP 	text_3: autoDraw = False
271.3519 	EXP 	text_2: autoDraw = False
271.3519 	EXP 	text_3: autoDraw = False
271.3519 	EXP 	text: text = 'right'
271.3519 	EXP 	text: autoDraw = True
271.3519 	EXP 	text_4: autoDraw = True
272.3520 	EXP 	text: autoDraw = False
281.3517 	EXP 	text_4: autoDraw = False
281.3517 	EXP 	text: autoDraw = False
281.3517 	EXP 	text_4: autoDraw = False
281.3517 	EXP 	text_2: text = 'Stop'
281.3517 	EXP 	text_2: autoDraw = True
281.3517 	EXP 	text_3: autoDraw = True
282.3517 	EXP 	text_2: autoDraw = False
296.3507 	EXP 	text_3: autoDraw = False
296.3507 	EXP 	text_2: autoDraw = False
296.3507 	EXP 	text_3: autoDraw = False
296.3938 	EXP 	window1: mouseVisible = True
