1.5467 	WARNING 	We strongly recommend you activate the PTB sound engine in PsychoPy prefs as the preferred audio engine. Its timing is vastly superior. Your prefs are currently set to use ['sounddevice', 'PTB', 'pyo', 'pygame'] (in that order).
4.8646 	EXP 	Created window1 = Window(allowGUI=False, allowStencil=False, autoLog=True, backendConf=UNKNOWN, bitsMode=UNKNOWN, blendMode='avg', bpc=(8, 8, 8), color=array([1, 1, 1]), colorSpace='rgb', depthBits=8, fullscr=<method-wrapper '__getattribute__' of attributeSetter object at 0x00000209E0B64B70>, gamma=None, gammaErrorPolicy='raise', lms=UNKNOWN, monitor=<psychopy.monitors.calibTools.Monitor object at 0x00000209E0B1F4A8>, multiSample=False, name='window1', numSamples=2, pos=[0.0, 0.0], screen=0, size=array([1920, 1080]), stencilBits=0, stereo=False, units='norm', useFBO=True, useRetina=False, viewOri=0.0, viewPos=None, viewScale=None, waitBlanking=True, winType='pyglet')
4.8648 	EXP 	window1: mouseVisible = True
4.8648 	EXP 	window1: recordFrameIntervals = False
5.0309 	EXP 	window1: recordFrameIntervals = True
5.2144 	EXP 	window1: recordFrameIntervals = False
5.6062 	EXP 	Created text_2 = TextStim(__class__=<class 'psychopy.visual.text.TextStim'>, alignHoriz=method-wrapper(...), alignText='center', alignVert=method-wrapper(...), anchorHoriz='center', anchorVert='center', antialias=True, autoLog=True, bold=False, color=array([-1, -1, -1]), colorSpace='rgb', contrast=1.0, depth=0.0, flipHoriz=False, flipVert=False, font='Arial', fontFiles=[], height=0.1, italic=False, languageStyle='LTR', name='text_2', opacity=1, ori=0, pos=array([0., 0.]), rgb=UNKNOWN, text=str(...), units='norm', win=Window(...), wrapWidth=1)
5.6088 	EXP 	Created text = TextStim(__class__=<class 'psychopy.visual.text.TextStim'>, alignHoriz=method-wrapper(...), alignText='center', alignVert=method-wrapper(...), anchorHoriz='center', anchorVert='center', antialias=True, autoLog=True, bold=False, color=array([1, 1, 1]), colorSpace='rgb', contrast=1.0, depth=0.0, flipHoriz=False, flipVert=False, font='Arial', fontFiles=[], height=0.1, italic=False, languageStyle='LTR', name='text', opacity=1, ori=0, pos=array([0., 0.]), rgb=UNKNOWN, text='+', units='norm', win=Window(...), wrapWidth=1)
5.6094 	EXP 	Created text_3 = TextStim(__class__=<class 'psychopy.visual.text.TextStim'>, alignHoriz=method-wrapper(...), alignText='center', alignVert=method-wrapper(...), anchorHoriz='center', anchorVert='center', antialias=True, autoLog=True, bold=False, color=array([1, 1, 1]), colorSpace='rgb', contrast=1.0, depth=-1.0, flipHoriz=False, flipVert=False, font='Arial', fontFiles=[], height=0.1, italic=False, languageStyle='LTR', name='text_3', opacity=1, ori=0, pos=array([0., 0.]), rgb=UNKNOWN, text='', units='norm', win=Window(...), wrapWidth=1)
5.7799 	EXP 	Created Checkerboard = ImageStim(__class__=<class 'psychopy.visual.image.ImageStim'>, autoLog=True, color=array([1, 1, 1]), colorSpace='rgb', contrast=1.0, depth=0.0, flipHoriz=False, flipVert=False, image='stimuli/checkerboard.bmp', interpolate=True, mask=None, maskParams=None, name='Checkerboard', opacity=1, ori=0.0, pos=array([0., 0.]), size=array([1.125, 2.   ]), texRes=128, units='norm', win=Window(...))
5.9277 	EXP 	Created Checkerboard2 = ImageStim(__class__=<class 'psychopy.visual.image.ImageStim'>, autoLog=True, color=array([1, 1, 1]), colorSpace='rgb', contrast=1.0, depth=-1.0, flipHoriz=False, flipVert=False, image='stimuli/checkerboard2.bmp', interpolate=True, mask=None, maskParams=None, name='Checkerboard2', opacity=1, ori=0.0, pos=array([0., 0.]), size=array([1.125, 2.   ]), texRes=128, units='norm', win=Window(...))
5.9535 	EXP 	Sound sound_2 set volume 1.000
6.0310 	EXP 	text_2: autoDraw = True
6.7504 	EXP 	Created sequence: random, trialTypes=1, nReps=10, seed=None
6.7506 	EXP 	New trial (rep=0, index=0): None
6.7550 	DATA 	Keypress: space
6.7638 	EXP 	text_2: autoDraw = False
6.7638 	EXP 	text: autoDraw = True
21.7632 	EXP 	text: autoDraw = False
21.7632 	EXP 	text: autoDraw = False
21.7632 	EXP 	text_3: autoDraw = True
22.2494 	EXP 	Created sequence: random, trialTypes=1, nReps=10, seed=None
22.2497 	EXP 	New trial (rep=0, index=0): None
22.2630 	EXP 	text_3: autoDraw = False
22.2630 	EXP 	text_3: autoDraw = False
22.2630 	EXP 	Checkerboard: autoDraw = True
22.8465 	EXP 	Checkerboard2: autoDraw = True
22.8632 	EXP 	Checkerboard: autoDraw = False
23.4324 	EXP 	New trial (rep=1, index=0): None
23.4466 	EXP 	Checkerboard2: autoDraw = False
23.4466 	EXP 	Checkerboard: autoDraw = False
23.4466 	EXP 	Checkerboard2: autoDraw = False
23.4466 	EXP 	Checkerboard: autoDraw = True
24.0295 	EXP 	Checkerboard2: autoDraw = True
24.0464 	EXP 	Checkerboard: autoDraw = False
24.6152 	EXP 	New trial (rep=2, index=0): None
24.6296 	EXP 	Checkerboard2: autoDraw = False
24.6296 	EXP 	Checkerboard: autoDraw = False
24.6296 	EXP 	Checkerboard2: autoDraw = False
24.6296 	EXP 	Checkerboard: autoDraw = True
25.2131 	EXP 	Checkerboard2: autoDraw = True
25.2298 	EXP 	Checkerboard: autoDraw = False
25.7990 	EXP 	New trial (rep=3, index=0): None
25.8131 	EXP 	Checkerboard2: autoDraw = False
25.8131 	EXP 	Checkerboard: autoDraw = False
25.8131 	EXP 	Checkerboard2: autoDraw = False
25.8131 	EXP 	Checkerboard: autoDraw = True
26.3965 	EXP 	Checkerboard2: autoDraw = True
26.4128 	EXP 	Checkerboard: autoDraw = False
26.9824 	EXP 	New trial (rep=4, index=0): None
26.9855 	DATA 	Keypress: escape
26.9965 	EXP 	Checkerboard2: autoDraw = False
26.9965 	EXP 	Checkerboard: autoDraw = False
26.9965 	EXP 	Checkerboard2: autoDraw = False
26.9965 	EXP 	Checkerboard: autoDraw = True
27.2069 	EXP 	window1: mouseVisible = True
