1.7314 	WARNING 	We strongly recommend you activate the PTB sound engine in PsychoPy prefs as the preferred audio engine. Its timing is vastly superior. Your prefs are currently set to use ['sounddevice', 'PTB', 'pyo', 'pygame'] (in that order).
5.3030 	EXP 	Created window1 = Window(allowGUI=False, allowStencil=False, autoLog=True, backendConf=UNKNOWN, bitsMode=UNKNOWN, blendMode='avg', bpc=(8, 8, 8), color=array([1, 1, 1]), colorSpace='rgb', depthBits=8, fullscr=<method-wrapper '__getattribute__' of attributeSetter object at 0x000002567595C4E0>, gamma=None, gammaErrorPolicy='raise', lms=UNKNOWN, monitor=<psychopy.monitors.calibTools.Monitor object at 0x0000025675185240>, multiSample=False, name='window1', numSamples=2, pos=[0.0, 0.0], screen=0, size=array([1920, 1080]), stencilBits=0, stereo=False, units='norm', useFBO=True, useRetina=False, viewOri=0.0, viewPos=None, viewScale=None, waitBlanking=True, winType='pyglet')
5.3032 	EXP 	window1: mouseVisible = True
5.3033 	EXP 	window1: recordFrameIntervals = False
5.4692 	EXP 	window1: recordFrameIntervals = True
5.6532 	EXP 	window1: recordFrameIntervals = False
5.9914 	EXP 	Created text_2 = TextStim(__class__=<class 'psychopy.visual.text.TextStim'>, alignHoriz=method-wrapper(...), alignText='center', alignVert=method-wrapper(...), anchorHoriz='center', anchorVert='center', antialias=True, autoLog=True, bold=False, color=array([-1, -1, -1]), colorSpace='rgb', contrast=1.0, depth=0.0, flipHoriz=False, flipVert=False, font='Arial', fontFiles=[], height=0.1, italic=False, languageStyle='LTR', name='text_2', opacity=1, ori=0, pos=array([0., 0.]), rgb=UNKNOWN, text=str(...), units='norm', win=Window(...), wrapWidth=1)
5.9937 	EXP 	Created text = TextStim(__class__=<class 'psychopy.visual.text.TextStim'>, alignHoriz=method-wrapper(...), alignText='center', alignVert=method-wrapper(...), anchorHoriz='center', anchorVert='center', antialias=True, autoLog=True, bold=False, color=array([1, 1, 1]), colorSpace='rgb', contrast=1.0, depth=0.0, flipHoriz=False, flipVert=False, font='Arial', fontFiles=[], height=0.1, italic=False, languageStyle='LTR', name='text', opacity=1, ori=0, pos=array([0., 0.]), rgb=UNKNOWN, text='+', units='norm', win=Window(...), wrapWidth=1)
5.9943 	EXP 	Created text_3 = TextStim(__class__=<class 'psychopy.visual.text.TextStim'>, alignHoriz=method-wrapper(...), alignText='center', alignVert=method-wrapper(...), anchorHoriz='center', anchorVert='center', antialias=True, autoLog=True, bold=False, color=array([1, 1, 1]), colorSpace='rgb', contrast=1.0, depth=-1.0, flipHoriz=False, flipVert=False, font='Arial', fontFiles=[], height=0.1, italic=False, languageStyle='LTR', name='text_3', opacity=1, ori=0, pos=array([0., 0.]), rgb=UNKNOWN, text='', units='norm', win=Window(...), wrapWidth=1)
6.1452 	EXP 	Created Checkerboard = ImageStim(__class__=<class 'psychopy.visual.image.ImageStim'>, autoLog=True, color=array([1, 1, 1]), colorSpace='rgb', contrast=1.0, depth=0.0, flipHoriz=False, flipVert=False, image='stimuli/checkerboard.bmp', interpolate=True, mask=None, maskParams=None, name='Checkerboard', opacity=1, ori=0.0, pos=array([0., 0.]), size=array([1.125, 2.   ]), texRes=128, units='norm', win=Window(...))
6.2813 	EXP 	Created Checkerboard2 = ImageStim(__class__=<class 'psychopy.visual.image.ImageStim'>, autoLog=True, color=array([1, 1, 1]), colorSpace='rgb', contrast=1.0, depth=-1.0, flipHoriz=False, flipVert=False, image='stimuli/checkerboard2.bmp', interpolate=True, mask=None, maskParams=None, name='Checkerboard2', opacity=1, ori=0.0, pos=array([0., 0.]), size=array([1.125, 2.   ]), texRes=128, units='norm', win=Window(...))
6.3703 	EXP 	text_2: autoDraw = True
11.2733 	EXP 	Created sequence: random, trialTypes=1, nReps=10, seed=None
11.2735 	EXP 	New trial (rep=0, index=0): None
11.2761 	DATA 	Keypress: space
11.2858 	EXP 	text_2: autoDraw = False
11.2858 	EXP 	text: autoDraw = True
26.2849 	EXP 	text: autoDraw = False
26.2849 	EXP 	text: autoDraw = False
26.2849 	EXP 	text_3: autoDraw = True
26.7701 	EXP 	Created sequence: random, trialTypes=1, nReps=10, seed=None
26.7702 	EXP 	New trial (rep=0, index=0): None
26.7857 	EXP 	text_3: autoDraw = False
26.7857 	EXP 	text_3: autoDraw = False
26.7857 	EXP 	Checkerboard: autoDraw = True
27.3682 	EXP 	Checkerboard2: autoDraw = True
27.3846 	EXP 	Checkerboard: autoDraw = False
27.9541 	EXP 	New trial (rep=1, index=0): None
27.9677 	EXP 	Checkerboard2: autoDraw = False
27.9677 	EXP 	Checkerboard: autoDraw = False
27.9677 	EXP 	Checkerboard2: autoDraw = False
27.9677 	EXP 	Checkerboard: autoDraw = True
28.5511 	EXP 	Checkerboard2: autoDraw = True
28.5678 	EXP 	Checkerboard: autoDraw = False
29.1367 	EXP 	New trial (rep=2, index=0): None
29.1512 	EXP 	Checkerboard2: autoDraw = False
29.1512 	EXP 	Checkerboard: autoDraw = False
29.1512 	EXP 	Checkerboard2: autoDraw = False
29.1512 	EXP 	Checkerboard: autoDraw = True
29.7345 	EXP 	Checkerboard2: autoDraw = True
29.7512 	EXP 	Checkerboard: autoDraw = False
30.3206 	EXP 	New trial (rep=3, index=0): None
30.3354 	EXP 	Checkerboard2: autoDraw = False
30.3354 	EXP 	Checkerboard: autoDraw = False
30.3354 	EXP 	Checkerboard2: autoDraw = False
30.3354 	EXP 	Checkerboard: autoDraw = True
30.9177 	EXP 	Checkerboard2: autoDraw = True
30.9346 	EXP 	Checkerboard: autoDraw = False
31.5035 	EXP 	New trial (rep=4, index=0): None
31.5178 	EXP 	Checkerboard2: autoDraw = False
31.5178 	EXP 	Checkerboard: autoDraw = False
31.5178 	EXP 	Checkerboard2: autoDraw = False
31.5178 	EXP 	Checkerboard: autoDraw = True
32.1011 	EXP 	Checkerboard2: autoDraw = True
32.1180 	EXP 	Checkerboard: autoDraw = False
32.6863 	EXP 	New trial (rep=5, index=0): None
32.7010 	EXP 	Checkerboard2: autoDraw = False
32.7010 	EXP 	Checkerboard: autoDraw = False
32.7010 	EXP 	Checkerboard2: autoDraw = False
32.7010 	EXP 	Checkerboard: autoDraw = True
33.2843 	EXP 	Checkerboard2: autoDraw = True
33.3010 	EXP 	Checkerboard: autoDraw = False
33.8696 	EXP 	New trial (rep=6, index=0): None
33.8844 	EXP 	Checkerboard2: autoDraw = False
33.8844 	EXP 	Checkerboard: autoDraw = False
33.8844 	EXP 	Checkerboard2: autoDraw = False
33.8844 	EXP 	Checkerboard: autoDraw = True
34.4676 	EXP 	Checkerboard2: autoDraw = True
34.4843 	EXP 	Checkerboard: autoDraw = False
35.0532 	EXP 	New trial (rep=7, index=0): None
35.0677 	EXP 	Checkerboard2: autoDraw = False
35.0677 	EXP 	Checkerboard: autoDraw = False
35.0677 	EXP 	Checkerboard2: autoDraw = False
35.0677 	EXP 	Checkerboard: autoDraw = True
35.6511 	EXP 	Checkerboard2: autoDraw = True
35.6675 	EXP 	Checkerboard: autoDraw = False
36.2362 	EXP 	New trial (rep=8, index=0): None
36.2513 	EXP 	Checkerboard2: autoDraw = False
36.2513 	EXP 	Checkerboard: autoDraw = False
36.2513 	EXP 	Checkerboard2: autoDraw = False
36.2513 	EXP 	Checkerboard: autoDraw = True
36.8344 	EXP 	Checkerboard2: autoDraw = True
36.8510 	EXP 	Checkerboard: autoDraw = False
37.4200 	EXP 	New trial (rep=9, index=0): None
37.4342 	EXP 	Checkerboard2: autoDraw = False
37.4342 	EXP 	Checkerboard: autoDraw = False
37.4342 	EXP 	Checkerboard2: autoDraw = False
37.4342 	EXP 	Checkerboard: autoDraw = True
38.0173 	EXP 	Checkerboard2: autoDraw = True
38.0341 	EXP 	Checkerboard: autoDraw = False
38.6029 	EXP 	New trial (rep=1, index=0): None
38.6174 	EXP 	Checkerboard2: autoDraw = False
38.6174 	EXP 	Checkerboard: autoDraw = False
38.6174 	EXP 	Checkerboard2: autoDraw = False
38.6174 	EXP 	text: autoDraw = True
53.6167 	EXP 	text: autoDraw = False
53.6167 	EXP 	text: autoDraw = False
53.6167 	EXP 	text_3: autoDraw = True
54.1018 	EXP 	Created sequence: random, trialTypes=1, nReps=10, seed=None
54.1020 	EXP 	New trial (rep=0, index=0): None
54.1166 	EXP 	text_3: autoDraw = False
54.1166 	EXP 	text_3: autoDraw = False
54.1166 	EXP 	Checkerboard: autoDraw = True
54.7000 	EXP 	Checkerboard2: autoDraw = True
54.7166 	EXP 	Checkerboard: autoDraw = False
55.2857 	EXP 	New trial (rep=1, index=0): None
55.2998 	EXP 	Checkerboard2: autoDraw = False
55.2998 	EXP 	Checkerboard: autoDraw = False
55.2998 	EXP 	Checkerboard2: autoDraw = False
55.2998 	EXP 	Checkerboard: autoDraw = True
55.8833 	EXP 	Checkerboard2: autoDraw = True
55.8997 	EXP 	Checkerboard: autoDraw = False
56.4681 	EXP 	New trial (rep=2, index=0): None
56.4832 	EXP 	Checkerboard2: autoDraw = False
56.4832 	EXP 	Checkerboard: autoDraw = False
56.4832 	EXP 	Checkerboard2: autoDraw = False
56.4832 	EXP 	Checkerboard: autoDraw = True
57.0667 	EXP 	Checkerboard2: autoDraw = True
57.0833 	EXP 	Checkerboard: autoDraw = False
57.6515 	EXP 	New trial (rep=3, index=0): None
57.6667 	EXP 	Checkerboard2: autoDraw = False
57.6667 	EXP 	Checkerboard: autoDraw = False
57.6667 	EXP 	Checkerboard2: autoDraw = False
57.6667 	EXP 	Checkerboard: autoDraw = True
58.2499 	EXP 	Checkerboard2: autoDraw = True
58.2665 	EXP 	Checkerboard: autoDraw = False
58.8352 	EXP 	New trial (rep=4, index=0): None
58.8501 	EXP 	Checkerboard2: autoDraw = False
58.8501 	EXP 	Checkerboard: autoDraw = False
58.8501 	EXP 	Checkerboard2: autoDraw = False
58.8501 	EXP 	Checkerboard: autoDraw = True
59.4334 	EXP 	Checkerboard2: autoDraw = True
59.4500 	EXP 	Checkerboard: autoDraw = False
60.0189 	EXP 	New trial (rep=5, index=0): None
60.0329 	EXP 	Checkerboard2: autoDraw = False
60.0329 	EXP 	Checkerboard: autoDraw = False
60.0329 	EXP 	Checkerboard2: autoDraw = False
60.0329 	EXP 	Checkerboard: autoDraw = True
60.6162 	EXP 	Checkerboard2: autoDraw = True
60.6332 	EXP 	Checkerboard: autoDraw = False
61.2023 	EXP 	New trial (rep=6, index=0): None
61.2162 	EXP 	Checkerboard2: autoDraw = False
61.2162 	EXP 	Checkerboard: autoDraw = False
61.2162 	EXP 	Checkerboard2: autoDraw = False
61.2162 	EXP 	Checkerboard: autoDraw = True
61.7995 	EXP 	Checkerboard2: autoDraw = True
61.8163 	EXP 	Checkerboard: autoDraw = False
62.3848 	EXP 	New trial (rep=7, index=0): None
62.3997 	EXP 	Checkerboard2: autoDraw = False
62.3997 	EXP 	Checkerboard: autoDraw = False
62.3997 	EXP 	Checkerboard2: autoDraw = False
62.3997 	EXP 	Checkerboard: autoDraw = True
62.9831 	EXP 	Checkerboard2: autoDraw = True
62.9995 	EXP 	Checkerboard: autoDraw = False
63.5680 	EXP 	New trial (rep=8, index=0): None
63.5832 	EXP 	Checkerboard2: autoDraw = False
63.5832 	EXP 	Checkerboard: autoDraw = False
63.5832 	EXP 	Checkerboard2: autoDraw = False
63.5832 	EXP 	Checkerboard: autoDraw = True
64.1661 	EXP 	Checkerboard2: autoDraw = True
64.1830 	EXP 	Checkerboard: autoDraw = False
64.7519 	EXP 	New trial (rep=9, index=0): None
64.7662 	EXP 	Checkerboard2: autoDraw = False
64.7662 	EXP 	Checkerboard: autoDraw = False
64.7662 	EXP 	Checkerboard2: autoDraw = False
64.7662 	EXP 	Checkerboard: autoDraw = True
65.3494 	EXP 	Checkerboard2: autoDraw = True
65.3661 	EXP 	Checkerboard: autoDraw = False
65.9351 	EXP 	New trial (rep=2, index=0): None
65.9499 	EXP 	Checkerboard2: autoDraw = False
65.9499 	EXP 	Checkerboard: autoDraw = False
65.9499 	EXP 	Checkerboard2: autoDraw = False
65.9499 	EXP 	text: autoDraw = True
80.9655 	EXP 	text: autoDraw = False
80.9655 	EXP 	text: autoDraw = False
80.9655 	EXP 	text_3: autoDraw = True
81.4508 	EXP 	Created sequence: random, trialTypes=1, nReps=10, seed=None
81.4510 	EXP 	New trial (rep=0, index=0): None
81.4653 	EXP 	text_3: autoDraw = False
81.4653 	EXP 	text_3: autoDraw = False
81.4653 	EXP 	Checkerboard: autoDraw = True
82.0489 	EXP 	Checkerboard2: autoDraw = True
82.0654 	EXP 	Checkerboard: autoDraw = False
82.6339 	EXP 	New trial (rep=1, index=0): None
82.6488 	EXP 	Checkerboard2: autoDraw = False
82.6488 	EXP 	Checkerboard: autoDraw = False
82.6488 	EXP 	Checkerboard2: autoDraw = False
82.6488 	EXP 	Checkerboard: autoDraw = True
83.2320 	EXP 	Checkerboard2: autoDraw = True
83.2486 	EXP 	Checkerboard: autoDraw = False
83.8170 	EXP 	New trial (rep=2, index=0): None
83.8319 	EXP 	Checkerboard2: autoDraw = False
83.8319 	EXP 	Checkerboard: autoDraw = False
83.8319 	EXP 	Checkerboard2: autoDraw = False
83.8319 	EXP 	Checkerboard: autoDraw = True
84.4153 	EXP 	Checkerboard2: autoDraw = True
84.4320 	EXP 	Checkerboard: autoDraw = False
85.0003 	EXP 	New trial (rep=3, index=0): None
85.0152 	EXP 	Checkerboard2: autoDraw = False
85.0152 	EXP 	Checkerboard: autoDraw = False
85.0152 	EXP 	Checkerboard2: autoDraw = False
85.0152 	EXP 	Checkerboard: autoDraw = True
85.5993 	EXP 	Checkerboard2: autoDraw = True
85.6152 	EXP 	Checkerboard: autoDraw = False
86.2007 	EXP 	New trial (rep=4, index=0): None
86.2151 	EXP 	Checkerboard2: autoDraw = False
86.2151 	EXP 	Checkerboard: autoDraw = False
86.2151 	EXP 	Checkerboard2: autoDraw = False
86.2151 	EXP 	Checkerboard: autoDraw = True
86.7985 	EXP 	Checkerboard2: autoDraw = True
86.8151 	EXP 	Checkerboard: autoDraw = False
87.3837 	EXP 	New trial (rep=5, index=0): None
87.3983 	EXP 	Checkerboard2: autoDraw = False
87.3983 	EXP 	Checkerboard: autoDraw = False
87.3983 	EXP 	Checkerboard2: autoDraw = False
87.3983 	EXP 	Checkerboard: autoDraw = True
87.9820 	EXP 	Checkerboard2: autoDraw = True
87.9984 	EXP 	Checkerboard: autoDraw = False
88.5674 	EXP 	New trial (rep=6, index=0): None
88.5816 	EXP 	Checkerboard2: autoDraw = False
88.5816 	EXP 	Checkerboard: autoDraw = False
88.5816 	EXP 	Checkerboard2: autoDraw = False
88.5816 	EXP 	Checkerboard: autoDraw = True
89.1650 	EXP 	Checkerboard2: autoDraw = True
89.1817 	EXP 	Checkerboard: autoDraw = False
89.7508 	EXP 	New trial (rep=7, index=0): None
89.7650 	EXP 	Checkerboard2: autoDraw = False
89.7650 	EXP 	Checkerboard: autoDraw = False
89.7650 	EXP 	Checkerboard2: autoDraw = False
89.7650 	EXP 	Checkerboard: autoDraw = True
90.3485 	EXP 	Checkerboard2: autoDraw = True
90.3651 	EXP 	Checkerboard: autoDraw = False
90.9342 	EXP 	New trial (rep=8, index=0): None
90.9483 	EXP 	Checkerboard2: autoDraw = False
90.9483 	EXP 	Checkerboard: autoDraw = False
90.9483 	EXP 	Checkerboard2: autoDraw = False
90.9483 	EXP 	Checkerboard: autoDraw = True
91.5314 	EXP 	Checkerboard2: autoDraw = True
91.5481 	EXP 	Checkerboard: autoDraw = False
92.1174 	EXP 	New trial (rep=9, index=0): None
92.1314 	EXP 	Checkerboard2: autoDraw = False
92.1314 	EXP 	Checkerboard: autoDraw = False
92.1314 	EXP 	Checkerboard2: autoDraw = False
92.1314 	EXP 	Checkerboard: autoDraw = True
92.7147 	EXP 	Checkerboard2: autoDraw = True
92.7314 	EXP 	Checkerboard: autoDraw = False
93.3002 	EXP 	New trial (rep=3, index=0): None
93.3146 	EXP 	Checkerboard2: autoDraw = False
93.3146 	EXP 	Checkerboard: autoDraw = False
93.3146 	EXP 	Checkerboard2: autoDraw = False
93.3146 	EXP 	text: autoDraw = True
108.3140 	EXP 	text: autoDraw = False
108.3140 	EXP 	text: autoDraw = False
108.3140 	EXP 	text_3: autoDraw = True
108.7992 	EXP 	Created sequence: random, trialTypes=1, nReps=10, seed=None
108.7994 	EXP 	New trial (rep=0, index=0): None
108.8141 	EXP 	text_3: autoDraw = False
108.8141 	EXP 	text_3: autoDraw = False
108.8141 	EXP 	Checkerboard: autoDraw = True
109.3975 	EXP 	Checkerboard2: autoDraw = True
109.4142 	EXP 	Checkerboard: autoDraw = False
109.9829 	EXP 	New trial (rep=1, index=0): None
109.9971 	EXP 	Checkerboard2: autoDraw = False
109.9971 	EXP 	Checkerboard: autoDraw = False
109.9971 	EXP 	Checkerboard2: autoDraw = False
109.9971 	EXP 	Checkerboard: autoDraw = True
110.5807 	EXP 	Checkerboard2: autoDraw = True
110.5972 	EXP 	Checkerboard: autoDraw = False
111.1668 	EXP 	New trial (rep=2, index=0): None
111.1804 	EXP 	Checkerboard2: autoDraw = False
111.1804 	EXP 	Checkerboard: autoDraw = False
111.1804 	EXP 	Checkerboard2: autoDraw = False
111.1804 	EXP 	Checkerboard: autoDraw = True
111.7640 	EXP 	Checkerboard2: autoDraw = True
111.7810 	EXP 	Checkerboard: autoDraw = False
112.3494 	EXP 	New trial (rep=3, index=0): None
112.3639 	EXP 	Checkerboard2: autoDraw = False
112.3639 	EXP 	Checkerboard: autoDraw = False
112.3639 	EXP 	Checkerboard2: autoDraw = False
112.3639 	EXP 	Checkerboard: autoDraw = True
112.9476 	EXP 	Checkerboard2: autoDraw = True
112.9642 	EXP 	Checkerboard: autoDraw = False
113.5322 	EXP 	New trial (rep=4, index=0): None
113.5472 	EXP 	Checkerboard2: autoDraw = False
113.5472 	EXP 	Checkerboard: autoDraw = False
113.5472 	EXP 	Checkerboard2: autoDraw = False
113.5472 	EXP 	Checkerboard: autoDraw = True
114.1303 	EXP 	Checkerboard2: autoDraw = True
114.1473 	EXP 	Checkerboard: autoDraw = False
114.7161 	EXP 	New trial (rep=5, index=0): None
114.7303 	EXP 	Checkerboard2: autoDraw = False
114.7303 	EXP 	Checkerboard: autoDraw = False
114.7303 	EXP 	Checkerboard2: autoDraw = False
114.7303 	EXP 	Checkerboard: autoDraw = True
115.3137 	EXP 	Checkerboard2: autoDraw = True
115.3303 	EXP 	Checkerboard: autoDraw = False
115.8995 	EXP 	New trial (rep=6, index=0): None
115.9135 	EXP 	Checkerboard2: autoDraw = False
115.9135 	EXP 	Checkerboard: autoDraw = False
115.9135 	EXP 	Checkerboard2: autoDraw = False
115.9135 	EXP 	Checkerboard: autoDraw = True
116.4969 	EXP 	Checkerboard2: autoDraw = True
116.5136 	EXP 	Checkerboard: autoDraw = False
117.0822 	EXP 	New trial (rep=7, index=0): None
117.0968 	EXP 	Checkerboard2: autoDraw = False
117.0968 	EXP 	Checkerboard: autoDraw = False
117.0968 	EXP 	Checkerboard2: autoDraw = False
117.0968 	EXP 	Checkerboard: autoDraw = True
117.6805 	EXP 	Checkerboard2: autoDraw = True
117.6970 	EXP 	Checkerboard: autoDraw = False
118.2663 	EXP 	New trial (rep=8, index=0): None
118.2806 	EXP 	Checkerboard2: autoDraw = False
118.2806 	EXP 	Checkerboard: autoDraw = False
118.2806 	EXP 	Checkerboard2: autoDraw = False
118.2806 	EXP 	Checkerboard: autoDraw = True
118.8635 	EXP 	Checkerboard2: autoDraw = True
118.8800 	EXP 	Checkerboard: autoDraw = False
119.4489 	EXP 	New trial (rep=9, index=0): None
119.4633 	EXP 	Checkerboard2: autoDraw = False
119.4633 	EXP 	Checkerboard: autoDraw = False
119.4633 	EXP 	Checkerboard2: autoDraw = False
119.4633 	EXP 	Checkerboard: autoDraw = True
120.0470 	EXP 	Checkerboard2: autoDraw = True
120.0632 	EXP 	Checkerboard: autoDraw = False
120.6323 	EXP 	New trial (rep=4, index=0): None
120.6467 	EXP 	Checkerboard2: autoDraw = False
120.6467 	EXP 	Checkerboard: autoDraw = False
120.6467 	EXP 	Checkerboard2: autoDraw = False
120.6467 	EXP 	text: autoDraw = True
135.6460 	EXP 	text: autoDraw = False
135.6460 	EXP 	text: autoDraw = False
135.6460 	EXP 	text_3: autoDraw = True
136.1312 	EXP 	Created sequence: random, trialTypes=1, nReps=10, seed=None
136.1314 	EXP 	New trial (rep=0, index=0): None
136.1461 	EXP 	text_3: autoDraw = False
136.1461 	EXP 	text_3: autoDraw = False
136.1461 	EXP 	Checkerboard: autoDraw = True
136.7294 	EXP 	Checkerboard2: autoDraw = True
136.7464 	EXP 	Checkerboard: autoDraw = False
137.3144 	EXP 	New trial (rep=1, index=0): None
137.3292 	EXP 	Checkerboard2: autoDraw = False
137.3292 	EXP 	Checkerboard: autoDraw = False
137.3292 	EXP 	Checkerboard2: autoDraw = False
137.3292 	EXP 	Checkerboard: autoDraw = True
137.9125 	EXP 	Checkerboard2: autoDraw = True
137.9295 	EXP 	Checkerboard: autoDraw = False
138.4978 	EXP 	New trial (rep=2, index=0): None
138.5125 	EXP 	Checkerboard2: autoDraw = False
138.5125 	EXP 	Checkerboard: autoDraw = False
138.5125 	EXP 	Checkerboard2: autoDraw = False
138.5125 	EXP 	Checkerboard: autoDraw = True
139.0961 	EXP 	Checkerboard2: autoDraw = True
139.1124 	EXP 	Checkerboard: autoDraw = False
139.6816 	EXP 	New trial (rep=3, index=0): None
139.6959 	EXP 	Checkerboard2: autoDraw = False
139.6959 	EXP 	Checkerboard: autoDraw = False
139.6959 	EXP 	Checkerboard2: autoDraw = False
139.6959 	EXP 	Checkerboard: autoDraw = True
140.2791 	EXP 	Checkerboard2: autoDraw = True
140.2959 	EXP 	Checkerboard: autoDraw = False
140.8640 	EXP 	New trial (rep=4, index=0): None
140.8791 	EXP 	Checkerboard2: autoDraw = False
140.8791 	EXP 	Checkerboard: autoDraw = False
140.8791 	EXP 	Checkerboard2: autoDraw = False
140.8791 	EXP 	Checkerboard: autoDraw = True
141.4627 	EXP 	Checkerboard2: autoDraw = True
141.4792 	EXP 	Checkerboard: autoDraw = False
142.0475 	EXP 	New trial (rep=5, index=0): None
142.0622 	EXP 	Checkerboard2: autoDraw = False
142.0622 	EXP 	Checkerboard: autoDraw = False
142.0622 	EXP 	Checkerboard2: autoDraw = False
142.0622 	EXP 	Checkerboard: autoDraw = True
142.6459 	EXP 	Checkerboard2: autoDraw = True
142.6624 	EXP 	Checkerboard: autoDraw = False
143.2316 	EXP 	New trial (rep=6, index=0): None
143.2459 	EXP 	Checkerboard2: autoDraw = False
143.2459 	EXP 	Checkerboard: autoDraw = False
143.2459 	EXP 	Checkerboard2: autoDraw = False
143.2459 	EXP 	Checkerboard: autoDraw = True
143.8290 	EXP 	Checkerboard2: autoDraw = True
143.8455 	EXP 	Checkerboard: autoDraw = False
144.4140 	EXP 	New trial (rep=7, index=0): None
144.4290 	EXP 	Checkerboard2: autoDraw = False
144.4290 	EXP 	Checkerboard: autoDraw = False
144.4290 	EXP 	Checkerboard2: autoDraw = False
144.4290 	EXP 	Checkerboard: autoDraw = True
145.0122 	EXP 	Checkerboard2: autoDraw = True
145.0301 	EXP 	Checkerboard: autoDraw = False
145.5975 	EXP 	New trial (rep=8, index=0): None
145.6121 	EXP 	Checkerboard2: autoDraw = False
145.6121 	EXP 	Checkerboard: autoDraw = False
145.6121 	EXP 	Checkerboard2: autoDraw = False
145.6121 	EXP 	Checkerboard: autoDraw = True
146.1954 	EXP 	Checkerboard2: autoDraw = True
146.2121 	EXP 	Checkerboard: autoDraw = False
146.7806 	EXP 	New trial (rep=9, index=0): None
146.7956 	EXP 	Checkerboard2: autoDraw = False
146.7956 	EXP 	Checkerboard: autoDraw = False
146.7956 	EXP 	Checkerboard2: autoDraw = False
146.7956 	EXP 	Checkerboard: autoDraw = True
147.3787 	EXP 	Checkerboard2: autoDraw = True
147.3954 	EXP 	Checkerboard: autoDraw = False
147.9643 	EXP 	New trial (rep=5, index=0): None
147.9789 	EXP 	Checkerboard2: autoDraw = False
147.9789 	EXP 	Checkerboard: autoDraw = False
147.9789 	EXP 	Checkerboard2: autoDraw = False
147.9789 	EXP 	text: autoDraw = True
162.9782 	EXP 	text: autoDraw = False
162.9782 	EXP 	text: autoDraw = False
162.9782 	EXP 	text_3: autoDraw = True
163.4637 	EXP 	Created sequence: random, trialTypes=1, nReps=10, seed=None
163.4639 	EXP 	New trial (rep=0, index=0): None
163.4784 	EXP 	text_3: autoDraw = False
163.4784 	EXP 	text_3: autoDraw = False
163.4784 	EXP 	Checkerboard: autoDraw = True
164.0615 	EXP 	Checkerboard2: autoDraw = True
164.0781 	EXP 	Checkerboard: autoDraw = False
164.6468 	EXP 	New trial (rep=1, index=0): None
164.6612 	EXP 	Checkerboard2: autoDraw = False
164.6612 	EXP 	Checkerboard: autoDraw = False
164.6612 	EXP 	Checkerboard2: autoDraw = False
164.6612 	EXP 	Checkerboard: autoDraw = True
165.2448 	EXP 	Checkerboard2: autoDraw = True
165.2619 	EXP 	Checkerboard: autoDraw = False
165.8304 	EXP 	New trial (rep=2, index=0): None
165.8445 	EXP 	Checkerboard2: autoDraw = False
165.8445 	EXP 	Checkerboard: autoDraw = False
165.8445 	EXP 	Checkerboard2: autoDraw = False
165.8445 	EXP 	Checkerboard: autoDraw = True
166.4280 	EXP 	Checkerboard2: autoDraw = True
166.4445 	EXP 	Checkerboard: autoDraw = False
167.0144 	EXP 	New trial (rep=3, index=0): None
167.0287 	EXP 	Checkerboard2: autoDraw = False
167.0287 	EXP 	Checkerboard: autoDraw = False
167.0287 	EXP 	Checkerboard2: autoDraw = False
167.0287 	EXP 	Checkerboard: autoDraw = True
167.6112 	EXP 	Checkerboard2: autoDraw = True
167.6277 	EXP 	Checkerboard: autoDraw = False
168.1967 	EXP 	New trial (rep=4, index=0): None
168.2112 	EXP 	Checkerboard2: autoDraw = False
168.2112 	EXP 	Checkerboard: autoDraw = False
168.2112 	EXP 	Checkerboard2: autoDraw = False
168.2112 	EXP 	Checkerboard: autoDraw = True
168.7948 	EXP 	Checkerboard2: autoDraw = True
168.8112 	EXP 	Checkerboard: autoDraw = False
169.3799 	EXP 	New trial (rep=5, index=0): None
169.3942 	EXP 	Checkerboard2: autoDraw = False
169.3942 	EXP 	Checkerboard: autoDraw = False
169.3942 	EXP 	Checkerboard2: autoDraw = False
169.3942 	EXP 	Checkerboard: autoDraw = True
169.9775 	EXP 	Checkerboard2: autoDraw = True
169.9944 	EXP 	Checkerboard: autoDraw = False
170.5632 	EXP 	New trial (rep=6, index=0): None
170.5776 	EXP 	Checkerboard2: autoDraw = False
170.5776 	EXP 	Checkerboard: autoDraw = False
170.5776 	EXP 	Checkerboard2: autoDraw = False
170.5776 	EXP 	Checkerboard: autoDraw = True
171.1611 	EXP 	Checkerboard2: autoDraw = True
171.1782 	EXP 	Checkerboard: autoDraw = False
171.7468 	EXP 	New trial (rep=7, index=0): None
171.7610 	EXP 	Checkerboard2: autoDraw = False
171.7610 	EXP 	Checkerboard: autoDraw = False
171.7610 	EXP 	Checkerboard2: autoDraw = False
171.7610 	EXP 	Checkerboard: autoDraw = True
172.3441 	EXP 	Checkerboard2: autoDraw = True
172.3610 	EXP 	Checkerboard: autoDraw = False
172.9306 	EXP 	New trial (rep=8, index=0): None
172.9444 	EXP 	Checkerboard2: autoDraw = False
172.9444 	EXP 	Checkerboard: autoDraw = False
172.9444 	EXP 	Checkerboard2: autoDraw = False
172.9444 	EXP 	Checkerboard: autoDraw = True
173.5275 	EXP 	Checkerboard2: autoDraw = True
173.5445 	EXP 	Checkerboard: autoDraw = False
174.1130 	EXP 	New trial (rep=9, index=0): None
174.1275 	EXP 	Checkerboard2: autoDraw = False
174.1275 	EXP 	Checkerboard: autoDraw = False
174.1275 	EXP 	Checkerboard2: autoDraw = False
174.1275 	EXP 	Checkerboard: autoDraw = True
174.7108 	EXP 	Checkerboard2: autoDraw = True
174.7276 	EXP 	Checkerboard: autoDraw = False
175.2960 	EXP 	New trial (rep=6, index=0): None
175.3111 	EXP 	Checkerboard2: autoDraw = False
175.3111 	EXP 	Checkerboard: autoDraw = False
175.3111 	EXP 	Checkerboard2: autoDraw = False
175.3111 	EXP 	text: autoDraw = True
190.3100 	EXP 	text: autoDraw = False
190.3100 	EXP 	text: autoDraw = False
190.3100 	EXP 	text_3: autoDraw = True
190.7957 	EXP 	Created sequence: random, trialTypes=1, nReps=10, seed=None
190.7960 	EXP 	New trial (rep=0, index=0): None
190.8101 	EXP 	text_3: autoDraw = False
190.8101 	EXP 	text_3: autoDraw = False
190.8101 	EXP 	Checkerboard: autoDraw = True
191.3935 	EXP 	Checkerboard2: autoDraw = True
191.4103 	EXP 	Checkerboard: autoDraw = False
191.9791 	EXP 	New trial (rep=1, index=0): None
191.9932 	EXP 	Checkerboard2: autoDraw = False
191.9932 	EXP 	Checkerboard: autoDraw = False
191.9932 	EXP 	Checkerboard2: autoDraw = False
191.9932 	EXP 	Checkerboard: autoDraw = True
192.5768 	EXP 	Checkerboard2: autoDraw = True
192.5932 	EXP 	Checkerboard: autoDraw = False
193.1618 	EXP 	New trial (rep=2, index=0): None
193.1767 	EXP 	Checkerboard2: autoDraw = False
193.1767 	EXP 	Checkerboard: autoDraw = False
193.1767 	EXP 	Checkerboard2: autoDraw = False
193.1767 	EXP 	Checkerboard: autoDraw = True
193.7602 	EXP 	Checkerboard2: autoDraw = True
193.7769 	EXP 	Checkerboard: autoDraw = False
194.3453 	EXP 	New trial (rep=3, index=0): None
194.3597 	EXP 	Checkerboard2: autoDraw = False
194.3597 	EXP 	Checkerboard: autoDraw = False
194.3597 	EXP 	Checkerboard2: autoDraw = False
194.3597 	EXP 	Checkerboard: autoDraw = True
194.9431 	EXP 	Checkerboard2: autoDraw = True
194.9600 	EXP 	Checkerboard: autoDraw = False
195.5286 	EXP 	New trial (rep=4, index=0): None
195.5430 	EXP 	Checkerboard2: autoDraw = False
195.5430 	EXP 	Checkerboard: autoDraw = False
195.5430 	EXP 	Checkerboard2: autoDraw = False
195.5430 	EXP 	Checkerboard: autoDraw = True
196.1266 	EXP 	Checkerboard2: autoDraw = True
196.1433 	EXP 	Checkerboard: autoDraw = False
196.7124 	EXP 	New trial (rep=5, index=0): None
196.7264 	EXP 	Checkerboard2: autoDraw = False
196.7264 	EXP 	Checkerboard: autoDraw = False
196.7264 	EXP 	Checkerboard2: autoDraw = False
196.7264 	EXP 	Checkerboard: autoDraw = True
197.3097 	EXP 	Checkerboard2: autoDraw = True
197.3263 	EXP 	Checkerboard: autoDraw = False
197.8959 	EXP 	New trial (rep=6, index=0): None
197.9096 	EXP 	Checkerboard2: autoDraw = False
197.9096 	EXP 	Checkerboard: autoDraw = False
197.9096 	EXP 	Checkerboard2: autoDraw = False
197.9096 	EXP 	Checkerboard: autoDraw = True
198.4929 	EXP 	Checkerboard2: autoDraw = True
198.5098 	EXP 	Checkerboard: autoDraw = False
199.0792 	EXP 	New trial (rep=7, index=0): None
199.0930 	EXP 	Checkerboard2: autoDraw = False
199.0930 	EXP 	Checkerboard: autoDraw = False
199.0930 	EXP 	Checkerboard2: autoDraw = False
199.0930 	EXP 	Checkerboard: autoDraw = True
199.6765 	EXP 	Checkerboard2: autoDraw = True
199.6930 	EXP 	Checkerboard: autoDraw = False
200.2629 	EXP 	New trial (rep=8, index=0): None
200.2768 	EXP 	Checkerboard2: autoDraw = False
200.2768 	EXP 	Checkerboard: autoDraw = False
200.2768 	EXP 	Checkerboard2: autoDraw = False
200.2768 	EXP 	Checkerboard: autoDraw = True
200.8597 	EXP 	Checkerboard2: autoDraw = True
200.8762 	EXP 	Checkerboard: autoDraw = False
201.4446 	EXP 	New trial (rep=9, index=0): None
201.4597 	EXP 	Checkerboard2: autoDraw = False
201.4597 	EXP 	Checkerboard: autoDraw = False
201.4597 	EXP 	Checkerboard2: autoDraw = False
201.4597 	EXP 	Checkerboard: autoDraw = True
202.0428 	EXP 	Checkerboard2: autoDraw = True
202.0595 	EXP 	Checkerboard: autoDraw = False
202.6289 	EXP 	New trial (rep=7, index=0): None
202.6427 	EXP 	Checkerboard2: autoDraw = False
202.6427 	EXP 	Checkerboard: autoDraw = False
202.6427 	EXP 	Checkerboard2: autoDraw = False
202.6427 	EXP 	text: autoDraw = True
217.6420 	EXP 	text: autoDraw = False
217.6420 	EXP 	text: autoDraw = False
217.6420 	EXP 	text_3: autoDraw = True
218.1275 	EXP 	Created sequence: random, trialTypes=1, nReps=10, seed=None
218.1277 	EXP 	New trial (rep=0, index=0): None
218.1420 	EXP 	text_3: autoDraw = False
218.1420 	EXP 	text_3: autoDraw = False
218.1420 	EXP 	Checkerboard: autoDraw = True
218.7257 	EXP 	Checkerboard2: autoDraw = True
218.7422 	EXP 	Checkerboard: autoDraw = False
219.3120 	EXP 	New trial (rep=1, index=0): None
219.3253 	EXP 	Checkerboard2: autoDraw = False
219.3253 	EXP 	Checkerboard: autoDraw = False
219.3253 	EXP 	Checkerboard2: autoDraw = False
219.3253 	EXP 	Checkerboard: autoDraw = True
219.9087 	EXP 	Checkerboard2: autoDraw = True
219.9255 	EXP 	Checkerboard: autoDraw = False
220.4940 	EXP 	New trial (rep=2, index=0): None
220.5084 	EXP 	Checkerboard2: autoDraw = False
220.5084 	EXP 	Checkerboard: autoDraw = False
220.5084 	EXP 	Checkerboard2: autoDraw = False
220.5084 	EXP 	Checkerboard: autoDraw = True
221.0920 	EXP 	Checkerboard2: autoDraw = True
221.1090 	EXP 	Checkerboard: autoDraw = False
221.6769 	EXP 	New trial (rep=3, index=0): None
221.6919 	EXP 	Checkerboard2: autoDraw = False
221.6919 	EXP 	Checkerboard: autoDraw = False
221.6919 	EXP 	Checkerboard2: autoDraw = False
221.6919 	EXP 	Checkerboard: autoDraw = True
222.2754 	EXP 	Checkerboard2: autoDraw = True
222.2919 	EXP 	Checkerboard: autoDraw = False
222.8619 	EXP 	New trial (rep=4, index=0): None
222.8752 	EXP 	Checkerboard2: autoDraw = False
222.8752 	EXP 	Checkerboard: autoDraw = False
222.8752 	EXP 	Checkerboard2: autoDraw = False
222.8752 	EXP 	Checkerboard: autoDraw = True
223.4588 	EXP 	Checkerboard2: autoDraw = True
223.4752 	EXP 	Checkerboard: autoDraw = False
224.0435 	EXP 	New trial (rep=5, index=0): None
224.0586 	EXP 	Checkerboard2: autoDraw = False
224.0586 	EXP 	Checkerboard: autoDraw = False
224.0586 	EXP 	Checkerboard2: autoDraw = False
224.0586 	EXP 	Checkerboard: autoDraw = True
224.6419 	EXP 	Checkerboard2: autoDraw = True
224.6586 	EXP 	Checkerboard: autoDraw = False
225.2272 	EXP 	New trial (rep=6, index=0): None
225.2416 	EXP 	Checkerboard2: autoDraw = False
225.2416 	EXP 	Checkerboard: autoDraw = False
225.2416 	EXP 	Checkerboard2: autoDraw = False
225.2416 	EXP 	Checkerboard: autoDraw = True
225.8249 	EXP 	Checkerboard2: autoDraw = True
225.8415 	EXP 	Checkerboard: autoDraw = False
226.4109 	EXP 	New trial (rep=7, index=0): None
226.4249 	EXP 	Checkerboard2: autoDraw = False
226.4249 	EXP 	Checkerboard: autoDraw = False
226.4249 	EXP 	Checkerboard2: autoDraw = False
226.4249 	EXP 	Checkerboard: autoDraw = True
227.0083 	EXP 	Checkerboard2: autoDraw = True
227.0250 	EXP 	Checkerboard: autoDraw = False
227.5936 	EXP 	New trial (rep=8, index=0): None
227.6085 	EXP 	Checkerboard2: autoDraw = False
227.6085 	EXP 	Checkerboard: autoDraw = False
227.6085 	EXP 	Checkerboard2: autoDraw = False
227.6085 	EXP 	Checkerboard: autoDraw = True
228.1915 	EXP 	Checkerboard2: autoDraw = True
228.2083 	EXP 	Checkerboard: autoDraw = False
228.7769 	EXP 	New trial (rep=9, index=0): None
228.7913 	EXP 	Checkerboard2: autoDraw = False
228.7913 	EXP 	Checkerboard: autoDraw = False
228.7913 	EXP 	Checkerboard2: autoDraw = False
228.7913 	EXP 	Checkerboard: autoDraw = True
229.3747 	EXP 	Checkerboard2: autoDraw = True
229.3916 	EXP 	Checkerboard: autoDraw = False
229.9604 	EXP 	New trial (rep=8, index=0): None
229.9747 	EXP 	Checkerboard2: autoDraw = False
229.9747 	EXP 	Checkerboard: autoDraw = False
229.9747 	EXP 	Checkerboard2: autoDraw = False
229.9747 	EXP 	text: autoDraw = True
244.9742 	EXP 	text: autoDraw = False
244.9742 	EXP 	text: autoDraw = False
244.9742 	EXP 	text_3: autoDraw = True
245.4597 	EXP 	Created sequence: random, trialTypes=1, nReps=10, seed=None
245.4599 	EXP 	New trial (rep=0, index=0): None
245.4740 	EXP 	text_3: autoDraw = False
245.4740 	EXP 	text_3: autoDraw = False
245.4740 	EXP 	Checkerboard: autoDraw = True
246.0573 	EXP 	Checkerboard2: autoDraw = True
246.0745 	EXP 	Checkerboard: autoDraw = False
246.6430 	EXP 	New trial (rep=1, index=0): None
246.6573 	EXP 	Checkerboard2: autoDraw = False
246.6573 	EXP 	Checkerboard: autoDraw = False
246.6573 	EXP 	Checkerboard2: autoDraw = False
246.6573 	EXP 	Checkerboard: autoDraw = True
247.2408 	EXP 	Checkerboard2: autoDraw = True
247.2573 	EXP 	Checkerboard: autoDraw = False
247.8266 	EXP 	New trial (rep=2, index=0): None
247.8405 	EXP 	Checkerboard2: autoDraw = False
247.8405 	EXP 	Checkerboard: autoDraw = False
247.8405 	EXP 	Checkerboard2: autoDraw = False
247.8405 	EXP 	Checkerboard: autoDraw = True
248.4240 	EXP 	Checkerboard2: autoDraw = True
248.4410 	EXP 	Checkerboard: autoDraw = False
249.0093 	EXP 	New trial (rep=3, index=0): None
249.0237 	EXP 	Checkerboard2: autoDraw = False
249.0237 	EXP 	Checkerboard: autoDraw = False
249.0237 	EXP 	Checkerboard2: autoDraw = False
249.0237 	EXP 	Checkerboard: autoDraw = True
249.6074 	EXP 	Checkerboard2: autoDraw = True
249.6239 	EXP 	Checkerboard: autoDraw = False
250.1932 	EXP 	New trial (rep=4, index=0): None
250.2071 	EXP 	Checkerboard2: autoDraw = False
250.2071 	EXP 	Checkerboard: autoDraw = False
250.2071 	EXP 	Checkerboard2: autoDraw = False
250.2071 	EXP 	Checkerboard: autoDraw = True
250.7906 	EXP 	Checkerboard2: autoDraw = True
250.8073 	EXP 	Checkerboard: autoDraw = False
251.3759 	EXP 	New trial (rep=5, index=0): None
251.3917 	EXP 	Checkerboard2: autoDraw = False
251.3917 	EXP 	Checkerboard: autoDraw = False
251.3917 	EXP 	Checkerboard2: autoDraw = False
251.3917 	EXP 	Checkerboard: autoDraw = True
251.9739 	EXP 	Checkerboard2: autoDraw = True
252.0069 	EXP 	Checkerboard: autoDraw = False
252.5588 	EXP 	New trial (rep=6, index=0): None
252.5736 	EXP 	Checkerboard2: autoDraw = False
252.5736 	EXP 	Checkerboard: autoDraw = False
252.5736 	EXP 	Checkerboard2: autoDraw = False
252.5736 	EXP 	Checkerboard: autoDraw = True
253.1569 	EXP 	Checkerboard2: autoDraw = True
253.1736 	EXP 	Checkerboard: autoDraw = False
253.7424 	EXP 	New trial (rep=7, index=0): None
253.7571 	EXP 	Checkerboard2: autoDraw = False
253.7571 	EXP 	Checkerboard: autoDraw = False
253.7571 	EXP 	Checkerboard2: autoDraw = False
253.7571 	EXP 	Checkerboard: autoDraw = True
254.3401 	EXP 	Checkerboard2: autoDraw = True
254.3571 	EXP 	Checkerboard: autoDraw = False
254.9266 	EXP 	New trial (rep=8, index=0): None
254.9407 	EXP 	Checkerboard2: autoDraw = False
254.9407 	EXP 	Checkerboard: autoDraw = False
254.9407 	EXP 	Checkerboard2: autoDraw = False
254.9407 	EXP 	Checkerboard: autoDraw = True
255.5235 	EXP 	Checkerboard2: autoDraw = True
255.5402 	EXP 	Checkerboard: autoDraw = False
256.1096 	EXP 	New trial (rep=9, index=0): None
256.1240 	EXP 	Checkerboard2: autoDraw = False
256.1240 	EXP 	Checkerboard: autoDraw = False
256.1240 	EXP 	Checkerboard2: autoDraw = False
256.1240 	EXP 	Checkerboard: autoDraw = True
256.7071 	EXP 	Checkerboard2: autoDraw = True
256.7237 	EXP 	Checkerboard: autoDraw = False
257.2937 	EXP 	New trial (rep=9, index=0): None
257.3070 	EXP 	Checkerboard2: autoDraw = False
257.3070 	EXP 	Checkerboard: autoDraw = False
257.3070 	EXP 	Checkerboard2: autoDraw = False
257.3070 	EXP 	text: autoDraw = True
272.3063 	EXP 	text: autoDraw = False
272.3063 	EXP 	text: autoDraw = False
272.3063 	EXP 	text_3: autoDraw = True
272.7912 	EXP 	Created sequence: random, trialTypes=1, nReps=10, seed=None
272.7914 	EXP 	New trial (rep=0, index=0): None
272.8062 	EXP 	text_3: autoDraw = False
272.8062 	EXP 	text_3: autoDraw = False
272.8062 	EXP 	Checkerboard: autoDraw = True
273.3895 	EXP 	Checkerboard2: autoDraw = True
273.4062 	EXP 	Checkerboard: autoDraw = False
273.9749 	EXP 	New trial (rep=1, index=0): None
273.9893 	EXP 	Checkerboard2: autoDraw = False
273.9893 	EXP 	Checkerboard: autoDraw = False
273.9893 	EXP 	Checkerboard2: autoDraw = False
273.9893 	EXP 	Checkerboard: autoDraw = True
274.5726 	EXP 	Checkerboard2: autoDraw = True
274.5902 	EXP 	Checkerboard: autoDraw = False
275.1577 	EXP 	New trial (rep=2, index=0): None
275.1727 	EXP 	Checkerboard2: autoDraw = False
275.1727 	EXP 	Checkerboard: autoDraw = False
275.1727 	EXP 	Checkerboard2: autoDraw = False
275.1727 	EXP 	Checkerboard: autoDraw = True
275.7560 	EXP 	Checkerboard2: autoDraw = True
275.7725 	EXP 	Checkerboard: autoDraw = False
276.3416 	EXP 	New trial (rep=3, index=0): None
276.3562 	EXP 	Checkerboard2: autoDraw = False
276.3562 	EXP 	Checkerboard: autoDraw = False
276.3562 	EXP 	Checkerboard2: autoDraw = False
276.3562 	EXP 	Checkerboard: autoDraw = True
276.9392 	EXP 	Checkerboard2: autoDraw = True
276.9561 	EXP 	Checkerboard: autoDraw = False
277.5244 	EXP 	New trial (rep=4, index=0): None
277.5393 	EXP 	Checkerboard2: autoDraw = False
277.5393 	EXP 	Checkerboard: autoDraw = False
277.5393 	EXP 	Checkerboard2: autoDraw = False
277.5393 	EXP 	Checkerboard: autoDraw = True
278.1226 	EXP 	Checkerboard2: autoDraw = True
278.1395 	EXP 	Checkerboard: autoDraw = False
278.7083 	EXP 	New trial (rep=5, index=0): None
278.7227 	EXP 	Checkerboard2: autoDraw = False
278.7227 	EXP 	Checkerboard: autoDraw = False
278.7227 	EXP 	Checkerboard2: autoDraw = False
278.7227 	EXP 	Checkerboard: autoDraw = True
279.3060 	EXP 	Checkerboard2: autoDraw = True
279.3223 	EXP 	Checkerboard: autoDraw = False
279.8909 	EXP 	New trial (rep=6, index=0): None
279.9056 	EXP 	Checkerboard2: autoDraw = False
279.9056 	EXP 	Checkerboard: autoDraw = False
279.9056 	EXP 	Checkerboard2: autoDraw = False
279.9056 	EXP 	Checkerboard: autoDraw = True
280.4890 	EXP 	Checkerboard2: autoDraw = True
280.5059 	EXP 	Checkerboard: autoDraw = False
281.0745 	EXP 	New trial (rep=7, index=0): None
281.0890 	EXP 	Checkerboard2: autoDraw = False
281.0890 	EXP 	Checkerboard: autoDraw = False
281.0890 	EXP 	Checkerboard2: autoDraw = False
281.0890 	EXP 	Checkerboard: autoDraw = True
281.6724 	EXP 	Checkerboard2: autoDraw = True
281.6888 	EXP 	Checkerboard: autoDraw = False
282.2585 	EXP 	New trial (rep=8, index=0): None
282.2726 	EXP 	Checkerboard2: autoDraw = False
282.2726 	EXP 	Checkerboard: autoDraw = False
282.2726 	EXP 	Checkerboard2: autoDraw = False
282.2726 	EXP 	Checkerboard: autoDraw = True
282.8556 	EXP 	Checkerboard2: autoDraw = True
282.8724 	EXP 	Checkerboard: autoDraw = False
283.4411 	EXP 	New trial (rep=9, index=0): None
283.4556 	EXP 	Checkerboard2: autoDraw = False
283.4556 	EXP 	Checkerboard: autoDraw = False
283.4556 	EXP 	Checkerboard2: autoDraw = False
283.4556 	EXP 	Checkerboard: autoDraw = True
284.0393 	EXP 	Checkerboard2: autoDraw = True
284.0556 	EXP 	Checkerboard: autoDraw = False
284.6389 	EXP 	Checkerboard2: autoDraw = False
284.6389 	EXP 	Checkerboard: autoDraw = False
284.6389 	EXP 	Checkerboard2: autoDraw = False
284.6899 	EXP 	window1: mouseVisible = True
